<?xml version="1.0" encoding="UTF-8" ?>
<testsuite tests="2" failures="0" name="StepDefinitions.TestRunner_ForHooks" time="6.175" errors="1" skipped="0">
  <properties>
    <property name="java.runtime.name" value="Java(TM) SE Runtime Environment"/>
    <property name="java.vm.version" value="15.0.1+9-18"/>
    <property name="sun.boot.library.path" value="/Library/Java/JavaVirtualMachines/jdk-15.0.1.jdk/Contents/Home/lib"/>
    <property name="maven.multiModuleProjectDirectory" value="/Users/khuedangmai/Desktop/Eclipse.app/Contents/MacOS/Rest Assured Automation/CucumberJava"/>
    <property name="java.vm.vendor" value="Oracle Corporation"/>
    <property name="java.vendor.url" value="https://java.oracle.com/"/>
    <property name="guice.disable.misplaced.annotation.check" value="true"/>
    <property name="path.separator" value=":"/>
    <property name="java.vm.name" value="Java HotSpot(TM) 64-Bit Server VM"/>
    <property name="user.country" value="US"/>
    <property name="sun.java.launcher" value="SUN_STANDARD"/>
    <property name="java.vm.specification.name" value="Java Virtual Machine Specification"/>
    <property name="user.dir" value="/Users/khuedangmai/Desktop/Eclipse.app/Contents/MacOS/Rest Assured Automation/CucumberJava"/>
    <property name="java.vm.compressedOopsMode" value="Zero based"/>
    <property name="java.runtime.version" value="15.0.1+9-18"/>
    <property name="os.arch" value="x86_64"/>
    <property name="java.io.tmpdir" value="/var/folders/12/zxnj06653t53dg80qsy73hym0000gn/T/"/>
    <property name="line.separator" value="
"/>
    <property name="java.vm.specification.vendor" value="Oracle Corporation"/>
    <property name="os.name" value="Mac OS X"/>
    <property name="classworlds.conf" value="/Users/khuedangmai/Desktop/Eclipse.app/Contents/MacOS/Rest Assured Automation/.metadata/.plugins/org.eclipse.m2e.launching/launches/m2conf3573221806001274498.tmp"/>
    <property name="sun.jnu.encoding" value="UTF-8"/>
    <property name="java.library.path" value="/Users/khuedangmai/Library/Java/Extensions:/Library/Java/Extensions:/Network/Library/Java/Extensions:/System/Library/Java/Extensions:/usr/lib/java:."/>
    <property name="jdk.debug" value="release"/>
    <property name="java.class.version" value="59.0"/>
    <property name="java.specification.name" value="Java Platform API Specification"/>
    <property name="sun.management.compiler" value="HotSpot 64-Bit Tiered Compilers"/>
    <property name="os.version" value="10.16"/>
    <property name="http.nonProxyHosts" value="local|*.local|169.254/16|*.169.254/16"/>
    <property name="user.home" value="/Users/khuedangmai"/>
    <property name="user.timezone" value="America/Chicago"/>
    <property name="file.encoding" value="UTF-8"/>
    <property name="java.specification.version" value="15"/>
    <property name="user.name" value="khuedangmai"/>
    <property name="java.class.path" value="/Users/khuedangmai/Desktop/Eclipse.app/Contents/Eclipse/plugins/org.eclipse.m2e.maven.runtime_1.16.0.20200610-1735/jars/plexus-classworlds-2.6.0.jar"/>
    <property name="java.vm.specification.version" value="15"/>
    <property name="sun.arch.data.model" value="64"/>
    <property name="sun.java.command" value="org.codehaus.plexus.classworlds.launcher.Launcher -B test"/>
    <property name="java.home" value="/Library/Java/JavaVirtualMachines/jdk-15.0.1.jdk/Contents/Home"/>
    <property name="user.language" value="en"/>
    <property name="java.specification.vendor" value="Oracle Corporation"/>
    <property name="java.vm.info" value="mixed mode, sharing"/>
    <property name="java.version" value="15.0.1"/>
    <property name="java.vendor" value="Oracle Corporation"/>
    <property name="maven.home" value="/Users/khuedangmai/Desktop/Eclipse.app/Contents/MacOS/Rest Assured Automation/CucumberJava/EMBEDDED"/>
    <property name="file.separator" value="/"/>
    <property name="java.version.date" value="2020-10-20"/>
    <property name="java.vendor.url.bug" value="https://bugreport.java.com/bugreport/"/>
    <property name="sun.io.unicode.encoding" value="UnicodeBig"/>
    <property name="sun.cpu.endian" value="little"/>
    <property name="socksNonProxyHosts" value="local|*.local|169.254/16|*.169.254/16"/>
    <property name="ftp.nonProxyHosts" value="local|*.local|169.254/16|*.169.254/16"/>
  </properties>
  <testcase classname="Check login functionality" name=" #1" time="6.15"/>
  <testcase classname="Check login functionality" name=" #2" time="0.025">
    <error message="Cannot invoke &quot;org.openqa.selenium.WebDriver.close()&quot; because &quot;this.driver&quot; is null" type="java.lang.NullPointerException">java.lang.NullPointerException: Cannot invoke &quot;org.openqa.selenium.WebDriver.close()&quot; because &quot;this.driver&quot; is null
	at StepsForHooks.HooksDemoSteps.tearDown(HooksDemoSteps.java:40)
</error>
    <system-out>
Scenario:                                      # src/test/resources/HooksDemo/HooksDemo.feature:11
~~~ I am inside browserSetup2 ~~~
~~~ I am inside beforeSteps ~~~
  Given user is on the login page              # StepsForHooks.HooksDemoSteps.user_is_on_the_login_page()
~~~ I am inside afterSteps ~~~
~~~ I am inside beforeSteps ~~~
  When user enters valid username and password # StepsForHooks.HooksDemoSteps.user_enters_valid_username_and_password()
~~~ I am inside afterSteps ~~~
~~~ I am inside beforeSteps ~~~
  And user clicks on the login button          # StepsForHooks.HooksDemoSteps.user_clicks_on_the_login_button()
~~~ I am inside afterSteps ~~~
~~~ I am inside beforeSteps ~~~
  Then user is navigated to the home page      # StepsForHooks.HooksDemoSteps.user_is_navigated_to_the_home_page()
~~~ I am inside afterSteps ~~~
~~~ I am inside tearDown ~~~
      java.lang.NullPointerException: Cannot invoke &quot;org.openqa.selenium.WebDriver.close()&quot; because &quot;this.driver&quot; is null
	at StepsForHooks.HooksDemoSteps.tearDown(HooksDemoSteps.java:40)

~~~ I am inside tearDown2 ~~~
</system-out>
  </testcase>
</testsuite>